<?xml version="1.0" encoding="UTF-8"?>
<testng-results ignored="0" total="1" passed="1" failed="0" skipped="0">
  <reporter-output>
  </reporter-output>
  <suite started-at="2024-09-29T17:33:11 IST" name="Default suite" finished-at="2024-09-29T17:33:11 IST" duration-ms="88">
    <groups>
    </groups>
    <test started-at="2024-09-29T17:33:11 IST" name="Default test" finished-at="2024-09-29T17:33:11 IST" duration-ms="88">
      <class name="com.crm.qa.testcases.LoginPageTest">
        <test-method signature="test()[pri:0, instance:com.crm.qa.testcases.LoginPageTest@25ce9dc4]" started-at="2024-09-29T17:33:11 IST" name="test" finished-at="2024-09-29T17:33:11 IST" duration-ms="11" status="PASS">
          <reporter-output>
          </reporter-output>
        </test-method> <!-- test -->
      </class> <!-- com.crm.qa.testcases.LoginPageTest -->
    </test> <!-- Default test -->
  </suite> <!-- Default suite -->
</testng-results>
